FAILED TO COMMIT 2020-01-22 23:18:49.918665: ERROR Cmd('git') failed due to: exit code(1)
  cmdline: git commit -am "Auto-Commit from BIF @ 2020-01-22 23:18:49.869664 UTC"
  stdout: 'On branch master
Your branch is ahead of 'origin/master' by 5 commits.
  (use "git push" to publish your local commits)

Untracked files:
	.gitignore
	bif.log
	test.py

nothing added to commit but untracked files present'
FAILED TO COMMIT 2020-01-22 23:18:50.972663: ERROR Cmd('git') failed due to: exit code(1)
  cmdline: git commit -am "Auto-Commit from BIF @ 2020-01-22 23:18:50.920663 UTC"
  stdout: 'On branch master
Your branch is ahead of 'origin/master' by 5 commits.
  (use "git push" to publish your local commits)

Untracked files:
	.gitignore
	bif.log
	test.py

nothing added to commit but untracked files present'
FAILED TO COMMIT 2020-01-22 23:18:52.020797: ERROR Cmd('git') failed due to: exit code(1)
  cmdline: git commit -am "Auto-Commit from BIF @ 2020-01-22 23:18:51.973796 UTC"
  stdout: 'On branch master
Your branch is ahead of 'origin/master' by 5 commits.
  (use "git push" to publish your local commits)

Untracked files:
	.gitignore
	bif.log
	test.py

nothing added to commit but untracked files present'
FAILED TO COMMIT 2020-01-22 23:18:53.076795: ERROR Cmd('git') failed due to: exit code(1)
  cmdline: git commit -am "Auto-Commit from BIF @ 2020-01-22 23:18:53.021792 UTC"
  stdout: 'On branch master
Your branch is ahead of 'origin/master' by 5 commits.
  (use "git push" to publish your local commits)

Untracked files:
	.gitignore
	bif.log
	test.py

nothing added to commit but untracked files present'
FAILED TO COMMIT 2020-01-22 23:18:54.125793: ERROR Cmd('git') failed due to: exit code(1)
  cmdline: git commit -am "Auto-Commit from BIF @ 2020-01-22 23:18:54.077792 UTC"
  stdout: 'On branch master
Your branch is ahead of 'origin/master' by 5 commits.
  (use "git push" to publish your local commits)

Untracked files:
	.gitignore
	bif.log
	test.py

nothing added to commit but untracked files present'
FAILED TO COMMIT 2020-01-22 23:19:14.863710: ERROR Cmd('git') failed due to: exit code(1)
  cmdline: git commit -am "Auto-Commit from BIF @ 2020-01-22 23:19:14.816710 UTC"
  stdout: 'On branch master
Your branch is ahead of 'origin/master' by 6 commits.
  (use "git push" to publish your local commits)

nothing to commit, working tree clean'
FAILED TO COMMIT 2020-01-22 23:19:17.124797: ERROR Cmd('git') failed due to: exit code(1)
  cmdline: git commit -am "Auto-Commit from BIF @ 2020-01-22 23:19:17.071796 UTC"
  stdout: 'On branch master
Your branch is ahead of 'origin/master' by 7 commits.
  (use "git push" to publish your local commits)

nothing to commit, working tree clean'
